#
# A fatal error has been detected by the Java Runtime Environment:
#
#  EXCEPTION_STACK_OVERFLOW (0xc00000fd) at pc=0x0000000063e95127, pid=10300, tid=0x0000000000002dd4
#
# JRE version: Java(TM) SE Runtime Environment (8.0_251-b08) (build 1.8.0_251-b08)
# Java VM: Java HotSpot(TM) 64-Bit Server VM (25.251-b08 mixed mode windows-amd64 compressed oops)
# Problematic frame:
# V  [jvm.dll+0x215127]
#
# Failed to write core dump. Minidumps are not enabled by default on client versions of Windows
#
# If you would like to submit a bug report, please visit:
#   http://bugreport.java.com/bugreport/crash.jsp
#

---------------  T H R E A D  ---------------

Current thread (0x000000001c4a6800):  JavaThread "http-nio-8080-BlockPoller" daemon [_thread_in_vm, id=11732, stack(0x0000000029460000,0x0000000029560000)]

siginfo: ExceptionCode=0xc00000fd, ExceptionInformation=0x0000000000000001 0x000000002955b990 

Registers:
RAX=0x000000002955b990, RBX=0x0000000000000005, RCX=0x0000000000004000, RDX=0x0000000000000006
RSP=0x000000002955f990, RBP=0x0000000000000000, RSI=0x000000002955f990, RDI=0x0000000000000005
R8 =0x0000000000000006, R9 =0x000000001c9b13a0, R10=0x000000001e1c43d8, R11=0x000000002946a188
R12=0x000000001c9b13a0, R13=0x000000001c4a6800, R14=0x000000002955fa58, R15=0x000000001e1c43d8
RIP=0x0000000063e95127, EFLAGS=0x0000000000010206

Top of Stack: (sp=0x000000002955f990)
0x000000002955f990:   00004d55cdb680b1 0000000100006c48
0x000000002955f9a0:   000000001c4a6800 000000001c9b13a0
0x000000002955f9b0:   00000000ffffffff 0000000063e96057
0x000000002955f9c0:   000000002955fac0 000000001e1c43d8
0x000000002955f9d0:   000000001c4a6800 0000000063d41193
0x000000002955f9e0:   000000002955fa20 000000001c4a6800
0x000000002955f9f0:   000000002955fab0 000000001c4a6800
0x000000002955fa00:   000000001e1c43d8 000000001c4a6800
0x000000002955fa10:   0000000002903be0 000000001c4a6800
0x000000002955fa20:   000000001e1c43d8 000000001c4a6800
0x000000002955fa30:   00000000168ce2f0 000000001c4a6800
0x000000002955fa40:   0000000000000001 000000001e1c43d8
0x000000002955fa50:   000000001c4a6800 000000001bfe6dd0
0x000000002955fa60:   000000001c4a6800 0000000063d428fd
0x000000002955fa70:   000000002955fd78 0000000100006c48
0x000000002955fa80:   000000010070bea8 0000000000000000 

Instructions: (pc=0x0000000063e95127)
0x0000000063e95107:   48 89 6c 24 30 33 ed 66 90 e8 6b 5e 08 00 ff c3
0x0000000063e95117:   48 63 c8 48 8b c6 48 0f af cf 48 ff c7 48 2b c1
0x0000000063e95127:   89 28 48 63 c3 48 3b 05 f5 f8 59 00 7e db 48 8b
0x0000000063e95137:   6c 24 30 48 8b 5c 24 38 48 8b 74 24 40 48 83 c4 


Register to memory mapping:

RAX=0x000000002955b990 is pointing into the stack for thread: 0x000000001c4a6800
RBX=0x0000000000000005 is an unknown value
RCX=0x0000000000004000 is an unknown value
RDX=0x0000000000000006 is an unknown value
RSP=0x000000002955f990 is pointing into the stack for thread: 0x000000001c4a6800
RBP=0x0000000000000000 is an unknown value
RSI=0x000000002955f990 is pointing into the stack for thread: 0x000000001c4a6800
RDI=0x0000000000000005 is an unknown value
R8 =0x0000000000000006 is an unknown value
R9 =0x000000001c9b13a0 is an unknown value
R10={method} {0x000000001e1c43e0} 'run' '()V' in 'org/apache/tomcat/util/net/NioBlockingSelector$BlockPoller'
R11=0x000000002946a188 is pointing into the stack for thread: 0x000000001c4a6800
R12=0x000000001c9b13a0 is an unknown value
R13=0x000000001c4a6800 is a thread
R14=0x000000002955fa58 is pointing into the stack for thread: 0x000000001c4a6800
R15={method} {0x000000001e1c43e0} 'run' '()V' in 'org/apache/tomcat/util/net/NioBlockingSelector$BlockPoller'


Stack: [0x0000000029460000,0x0000000029560000],  sp=0x000000002955f990,  free space=1022k
Native frames: (J=compiled Java code, j=interpreted, Vv=VM code, C=native code)


---------------  P R O C E S S  ---------------

Java Threads: ( => current thread )
  0x000000001c4aa000 JavaThread "http-nio-8080-exec-4" daemon [_thread_blocked, id=5972, stack(0x0000000029860000,0x0000000029960000)]
  0x000000001c4a9800 JavaThread "http-nio-8080-exec-3" daemon [_thread_blocked, id=5780, stack(0x0000000029760000,0x0000000029860000)]
  0x000000001c4a8000 JavaThread "http-nio-8080-exec-2" daemon [_thread_blocked, id=4672, stack(0x0000000029660000,0x0000000029760000)]
  0x000000001c4a7000 JavaThread "http-nio-8080-exec-1" daemon [_thread_blocked, id=10600, stack(0x0000000029560000,0x0000000029660000)]
=>0x000000001c4a6800 JavaThread "http-nio-8080-BlockPoller" daemon [_thread_in_vm, id=11732, stack(0x0000000029460000,0x0000000029560000)]
  0x000000001c4a5000 JavaThread "Live Reload Server" daemon [_thread_in_native, id=832, stack(0x0000000029360000,0x0000000029460000)]
  0x000000001c4a5800 JavaThread "HikariPool-1 connection adder" daemon [_thread_blocked, id=11248, stack(0x0000000029060000,0x0000000029160000)]
  0x000000001c4a8800 JavaThread "HikariPool-1 housekeeper" daemon [_thread_blocked, id=14228, stack(0x0000000028f60000,0x0000000029060000)]
  0x00000000185e5800 JavaThread "container-0" [_thread_blocked, id=11860, stack(0x0000000028d60000,0x0000000028e60000)]
  0x000000001c207800 JavaThread "Catalina-utility-2" [_thread_blocked, id=12872, stack(0x0000000028c60000,0x0000000028d60000)]
  0x000000001829b000 JavaThread "Catalina-utility-1" [_thread_blocked, id=12624, stack(0x0000000028b60000,0x0000000028c60000)]
  0x000000001c0c5000 JavaThread "task-1" [_thread_in_native, id=14140, stack(0x0000000028a60000,0x0000000028b60000)]
  0x000000001c086800 JavaThread "mysql-cj-abandoned-connection-cleanup" daemon [_thread_blocked, id=1856, stack(0x0000000028960000,0x0000000028a60000)]
  0x000000001722f800 JavaThread "restartedMain" [_thread_blocked, id=13920, stack(0x000000001ab60000,0x000000001ac60000)]
  0x000000001722f000 JavaThread "Thread-1" [_thread_blocked, id=9240, stack(0x000000001aa60000,0x000000001ab60000)]
  0x0000000018bb8800 JavaThread "RMI TCP Accept-0" daemon [_thread_in_native, id=11204, stack(0x0000000019560000,0x0000000019660000)]
  0x0000000018933800 JavaThread "Service Thread" daemon [_thread_blocked, id=11212, stack(0x0000000019120000,0x0000000019220000)]
  0x0000000018924800 JavaThread "C1 CompilerThread1" daemon [_thread_blocked, id=14296, stack(0x0000000019020000,0x0000000019120000)]
  0x00000000188cb800 JavaThread "C2 CompilerThread0" daemon [_thread_blocked, id=13856, stack(0x0000000018f20000,0x0000000019020000)]
  0x00000000188bf000 JavaThread "Monitor Ctrl-Break" daemon [_thread_in_native, id=12388, stack(0x0000000018e20000,0x0000000018f20000)]
  0x0000000017213000 JavaThread "Attach Listener" daemon [_thread_blocked, id=9896, stack(0x0000000018120000,0x0000000018220000)]
  0x000000001720d800 JavaThread "Signal Dispatcher" daemon [_thread_blocked, id=11784, stack(0x0000000018020000,0x0000000018120000)]
  0x00000000171ea800 JavaThread "Finalizer" daemon [_thread_blocked, id=1232, stack(0x0000000017e30000,0x0000000017f30000)]
  0x00000000171e8000 JavaThread "Reference Handler" daemon [_thread_blocked, id=7464, stack(0x0000000017d30000,0x0000000017e30000)]
  0x000000000266b800 JavaThread "main" [_thread_blocked, id=10596, stack(0x0000000002560000,0x0000000002660000)]

Other Threads:
  0x00000000171c7800 VMThread [stack: 0x0000000017c30000,0x0000000017d30000] [id=6000]
  0x0000000018bbe000 WatcherThread [stack: 0x0000000019660000,0x0000000019760000] [id=6180]

VM state:not at safepoint (normal execution)

VM Mutex/Monitor currently owned by a thread: None

OutOfMemory and StackOverflow Exception counts:
OutOfMemoryError java_heap_errors=1

heap address: 0x0000000081800000, size: 2024 MB, Compressed Oops mode: 32-bit
Narrow klass base: 0x0000000000000000, Narrow klass shift: 3
Compressed class space size: 1073741824 Address: 0x0000000100000000

Heap:
 PSYoungGen      total 238080K, used 16818K [0x00000000d5d80000, 0x00000000e4f80000, 0x0000000100000000)
  eden space 228352K, 7% used [0x00000000d5d80000,0x00000000d6dec8c8,0x00000000e3c80000)
  from space 9728K, 0% used [0x00000000e4600000,0x00000000e4600000,0x00000000e4f80000)
  to   space 9728K, 0% used [0x00000000e3c80000,0x00000000e3c80000,0x00000000e4600000)
 ParOldGen       total 52224K, used 22842K [0x0000000081800000, 0x0000000084b00000, 0x00000000d5d80000)
  object space 52224K, 43% used [0x0000000081800000,0x0000000082e4e828,0x0000000084b00000)
 Metaspace       used 48943K, capacity 51544K, committed 51840K, reserved 1095680K
  class space    used 6810K, capacity 7295K, committed 7296K, reserved 1048576K

Card table byte_map: [0x0000000011cb0000,0x00000000120b0000] byte_map_base: 0x00000000118a4000

Marking Bits: (ParMarkBitMap*) 0x00000000644aaf90
 Begin Bits: [0x0000000012560000, 0x0000000014500000)
 End Bits:   [0x0000000014500000, 0x00000000164a0000)

Polling page: 0x0000000000850000

CodeCache: size=245760Kb used=8920Kb max_used=8920Kb free=236839Kb
 bounds [0x00000000028f0000, 0x00000000031b0000, 0x00000000118f0000]
 total_blobs=5174 nmethods=4620 adapters=466
 compilation: enabled

Compilation events (10 events):
Event: 20.517 Thread 0x0000000018924800 4678       1       java.util.zip.ZipFile$ZipEntryIterator::<init> (19 bytes)
Event: 20.518 Thread 0x0000000018924800 nmethod 4678 0x000000000319e850 code [0x000000000319e9a0, 0x000000000319eb08]
Event: 20.518 Thread 0x0000000018924800 4677       1       java.util.Calendar::getDisplayName (154 bytes)
Event: 20.518 Thread 0x0000000018924800 nmethod 4677 0x000000000319ebd0 code [0x000000000319eda0, 0x000000000319f2a8]
Event: 20.520 Thread 0x0000000018924800 4679       1       java.util.concurrent.locks.ReentrantReadWriteLock::readLock (5 bytes)
Event: 20.520 Thread 0x0000000018924800 nmethod 4679 0x000000000319f690 code [0x000000000319f7e0, 0x000000000319f8f0]
Event: 20.520 Thread 0x0000000018924800 4680       1       java.util.LinkedHashMap::afterNodeRemoval (65 bytes)
Event: 20.521 Thread 0x0000000018924800 nmethod 4680 0x000000000319f950 code [0x000000000319faa0, 0x000000000319fcb0]
Event: 20.521 Thread 0x0000000018924800 4681   !   1       java.util.concurrent.ConcurrentHashMap::clear (176 bytes)
Event: 20.521 Thread 0x0000000018924800 nmethod 4681 0x000000000319fdd0 code [0x000000000319ff60, 0x00000000031a0478]

GC Heap History (10 events):
Event: 16.985 GC heap before
{Heap before GC invocations=11 (full 1):
 PSYoungGen      total 238080K, used 161000K [0x00000000d5d80000, 0x00000000e4f80000, 0x0000000100000000)
  eden space 228352K, 66% used [0x00000000d5d80000,0x00000000df13fb40,0x00000000e3c80000)
  from space 9728K, 99% used [0x00000000e3c80000,0x00000000e45fa6f8,0x00000000e4600000)
  to   space 9728K, 0% used [0x00000000e4600000,0x00000000e4600000,0x00000000e4f80000)
 ParOldGen       total 52224K, used 8474K [0x0000000081800000, 0x0000000084b00000, 0x00000000d5d80000)
  object space 52224K, 16% used [0x0000000081800000,0x0000000082046ac8,0x0000000084b00000)
 Metaspace       used 33446K, capacity 35338K, committed 35456K, reserved 1079296K
  class space    used 4524K, capacity 4920K, committed 4992K, reserved 1048576K
Event: 17.006 GC heap after
Heap after GC invocations=11 (full 1):
 PSYoungGen      total 238080K, used 9702K [0x00000000d5d80000, 0x00000000e4f80000, 0x0000000100000000)
  eden space 228352K, 0% used [0x00000000d5d80000,0x00000000d5d80000,0x00000000e3c80000)
  from space 9728K, 99% used [0x00000000e4600000,0x00000000e4f79850,0x00000000e4f80000)
  to   space 9728K, 0% used [0x00000000e3c80000,0x00000000e3c80000,0x00000000e4600000)
 ParOldGen       total 52224K, used 10800K [0x0000000081800000, 0x0000000084b00000, 0x00000000d5d80000)
  object space 52224K, 20% used [0x0000000081800000,0x000000008228c2d8,0x0000000084b00000)
 Metaspace       used 33446K, capacity 35338K, committed 35456K, reserved 1079296K
  class space    used 4524K, capacity 4920K, committed 4992K, reserved 1048576K
}
Event: 17.006 GC heap before
{Heap before GC invocations=12 (full 2):
 PSYoungGen      total 238080K, used 9702K [0x00000000d5d80000, 0x00000000e4f80000, 0x0000000100000000)
  eden space 228352K, 0% used [0x00000000d5d80000,0x00000000d5d80000,0x00000000e3c80000)
  from space 9728K, 99% used [0x00000000e4600000,0x00000000e4f79850,0x00000000e4f80000)
  to   space 9728K, 0% used [0x00000000e3c80000,0x00000000e3c80000,0x00000000e4600000)
 ParOldGen       total 52224K, used 10800K [0x0000000081800000, 0x0000000084b00000, 0x00000000d5d80000)
  object space 52224K, 20% used [0x0000000081800000,0x000000008228c2d8,0x0000000084b00000)
 Metaspace       used 33446K, capacity 35338K, committed 35456K, reserved 1079296K
  class space    used 4524K, capacity 4920K, committed 4992K, reserved 1048576K
Event: 17.115 GC heap after
Heap after GC invocations=12 (full 2):
 PSYoungGen      total 238080K, used 0K [0x00000000d5d80000, 0x00000000e4f80000, 0x0000000100000000)
  eden space 228352K, 0% used [0x00000000d5d80000,0x00000000d5d80000,0x00000000e3c80000)
  from space 9728K, 0% used [0x00000000e4600000,0x00000000e4600000,0x00000000e4f80000)
  to   space 9728K, 0% used [0x00000000e3c80000,0x00000000e3c80000,0x00000000e4600000)
 ParOldGen       total 52224K, used 16819K [0x0000000081800000, 0x0000000084b00000, 0x00000000d5d80000)
  object space 52224K, 32% used [0x0000000081800000,0x000000008286cf28,0x0000000084b00000)
 Metaspace       used 33446K, capacity 35338K, committed 35456K, reserved 1079296K
  class space    used 4524K, capacity 4920K, committed 4992K, reserved 1048576K
}
Event: 19.954 GC heap before
{Heap before GC invocations=13 (full 2):
 PSYoungGen      total 238080K, used 228352K [0x00000000d5d80000, 0x00000000e4f80000, 0x0000000100000000)
  eden space 228352K, 100% used [0x00000000d5d80000,0x00000000e3c80000,0x00000000e3c80000)
  from space 9728K, 0% used [0x00000000e4600000,0x00000000e4600000,0x00000000e4f80000)
  to   space 9728K, 0% used [0x00000000e3c80000,0x00000000e3c80000,0x00000000e4600000)
 ParOldGen       total 52224K, used 16819K [0x0000000081800000, 0x0000000084b00000, 0x00000000d5d80000)
  object space 52224K, 32% used [0x0000000081800000,0x000000008286cf28,0x0000000084b00000)
 Metaspace       used 48068K, capacity 50600K, committed 50688K, reserved 1093632K
  class space    used 6672K, capacity 7155K, committed 7168K, reserved 1048576K
Event: 19.984 GC heap after
Heap after GC invocations=13 (full 2):
 PSYoungGen      total 238080K, used 9699K [0x00000000d5d80000, 0x00000000e4f80000, 0x0000000100000000)
  eden space 228352K, 0% used [0x00000000d5d80000,0x00000000d5d80000,0x00000000e3c80000)
  from space 9728K, 99% used [0x00000000e3c80000,0x00000000e45f8c00,0x00000000e4600000)
  to   space 9728K, 0% used [0x00000000e4600000,0x00000000e4600000,0x00000000e4f80000)
 ParOldGen       total 52224K, used 29354K [0x0000000081800000, 0x0000000084b00000, 0x00000000d5d80000)
  object space 52224K, 56% used [0x0000000081800000,0x00000000834aaaa0,0x0000000084b00000)
 Metaspace       used 48068K, capacity 50600K, committed 50688K, reserved 1093632K
  class space    used 6672K, capacity 7155K, committed 7168K, reserved 1048576K
}
Event: 20.022 GC heap before
{Heap before GC invocations=14 (full 2):
 PSYoungGen      total 238080K, used 18392K [0x00000000d5d80000, 0x00000000e4f80000, 0x0000000100000000)
  eden space 228352K, 3% used [0x00000000d5d80000,0x00000000d65fd418,0x00000000e3c80000)
  from space 9728K, 99% used [0x00000000e3c80000,0x00000000e45f8c00,0x00000000e4600000)
  to   space 9728K, 0% used [0x00000000e4600000,0x00000000e4600000,0x00000000e4f80000)
 ParOldGen       total 52224K, used 29354K [0x0000000081800000, 0x0000000084b00000, 0x00000000d5d80000)
  object space 52224K, 56% used [0x0000000081800000,0x00000000834aaaa0,0x0000000084b00000)
 Metaspace       used 48139K, capacity 50612K, committed 50688K, reserved 1097728K
  class space    used 6681K, capacity 7157K, committed 7168K, reserved 1048576K
Event: 20.053 GC heap after
Heap after GC invocations=14 (full 2):
 PSYoungGen      total 238080K, used 149K [0x00000000d5d80000, 0x00000000e4f80000, 0x0000000100000000)
  eden space 228352K, 0% used [0x00000000d5d80000,0x00000000d5d80000,0x00000000e3c80000)
  from space 9728K, 1% used [0x00000000e4600000,0x00000000e46256e0,0x00000000e4f80000)
  to   space 9728K, 0% used [0x00000000e3c80000,0x00000000e3c80000,0x00000000e4600000)
 ParOldGen       total 52224K, used 38894K [0x0000000081800000, 0x0000000084b00000, 0x00000000d5d80000)
  object space 52224K, 74% used [0x0000000081800000,0x0000000083dfb990,0x0000000084b00000)
 Metaspace       used 48139K, capacity 50612K, committed 50688K, reserved 1097728K
  class space    used 6681K, capacity 7157K, committed 7168K, reserved 1048576K
}
Event: 20.053 GC heap before
{Heap before GC invocations=15 (full 3):
 PSYoungGen      total 238080K, used 149K [0x00000000d5d80000, 0x00000000e4f80000, 0x0000000100000000)
  eden space 228352K, 0% used [0x00000000d5d80000,0x00000000d5d80000,0x00000000e3c80000)
  from space 9728K, 1% used [0x00000000e4600000,0x00000000e46256e0,0x00000000e4f80000)
  to   space 9728K, 0% used [0x00000000e3c80000,0x00000000e3c80000,0x00000000e4600000)
 ParOldGen       total 52224K, used 38894K [0x0000000081800000, 0x0000000084b00000, 0x00000000d5d80000)
  object space 52224K, 74% used [0x0000000081800000,0x0000000083dfb990,0x0000000084b00000)
 Metaspace       used 48139K, capacity 50612K, committed 50688K, reserved 1097728K
  class space    used 6681K, capacity 7157K, committed 7168K, reserved 1048576K
Event: 20.415 GC heap after
Heap after GC invocations=15 (full 3):
 PSYoungGen      total 238080K, used 0K [0x00000000d5d80000, 0x00000000e4f80000, 0x0000000100000000)
  eden space 228352K, 0% used [0x00000000d5d80000,0x00000000d5d80000,0x00000000e3c80000)
  from space 9728K, 0% used [0x00000000e4600000,0x00000000e4600000,0x00000000e4f80000)
  to   space 9728K, 0% used [0x00000000e3c80000,0x00000000e3c80000,0x00000000e4600000)
 ParOldGen       total 52224K, used 22842K [0x0000000081800000, 0x0000000084b00000, 0x00000000d5d80000)
  object space 52224K, 43% used [0x0000000081800000,0x0000000082e4e828,0x0000000084b00000)
 Metaspace       used 48136K, capacity 50606K, committed 50688K, reserved 1095680K
  class space    used 6681K, capacity 7156K, committed 7168K, reserved 1048576K
}

Deoptimization events (0 events):
No events

Classes redefined (0 events):
No events

Internal exceptions (10 events):
Event: 20.448 Thread 0x000000001c0c5000 Exception <a 'java/lang/ArrayIndexOutOfBoundsException'> (0x00000000d6403b38) thrown at [C:\jenkins\workspace\8-2-build-windows-amd64-cygwin\jdk8u251\737\hotspot\src\share\vm\runtime\sharedRuntime.cpp, line 605]
Event: 20.448 Thread 0x000000001c0c5000 Exception <a 'java/lang/ArrayIndexOutOfBoundsException'> (0x00000000d6404748) thrown at [C:\jenkins\workspace\8-2-build-windows-amd64-cygwin\jdk8u251\737\hotspot\src\share\vm\runtime\sharedRuntime.cpp, line 605]
Event: 20.449 Thread 0x000000001c0c5000 Exception <a 'java/lang/ArrayIndexOutOfBoundsException'> (0x00000000d64094a8) thrown at [C:\jenkins\workspace\8-2-build-windows-amd64-cygwin\jdk8u251\737\hotspot\src\share\vm\runtime\sharedRuntime.cpp, line 605]
Event: 20.449 Thread 0x000000001c0c5000 Exception <a 'java/lang/ArrayIndexOutOfBoundsException'> (0x00000000d640a4e0) thrown at [C:\jenkins\workspace\8-2-build-windows-amd64-cygwin\jdk8u251\737\hotspot\src\share\vm\runtime\sharedRuntime.cpp, line 605]
Event: 20.450 Thread 0x000000001c0c5000 Exception <a 'java/lang/ArrayIndexOutOfBoundsException'> (0x00000000d6416c30) thrown at [C:\jenkins\workspace\8-2-build-windows-amd64-cygwin\jdk8u251\737\hotspot\src\share\vm\runtime\sharedRuntime.cpp, line 605]
Event: 20.450 Thread 0x000000001c0c5000 Exception <a 'java/lang/ArrayIndexOutOfBoundsException'> (0x00000000d6418520) thrown at [C:\jenkins\workspace\8-2-build-windows-amd64-cygwin\jdk8u251\737\hotspot\src\share\vm\runtime\sharedRuntime.cpp, line 605]
Event: 20.450 Thread 0x000000001c0c5000 Exception <a 'java/lang/ArrayIndexOutOfBoundsException'> (0x00000000d6419648) thrown at [C:\jenkins\workspace\8-2-build-windows-amd64-cygwin\jdk8u251\737\hotspot\src\share\vm\runtime\sharedRuntime.cpp, line 605]
Event: 20.450 Thread 0x000000001c0c5000 Exception <a 'java/lang/ArrayIndexOutOfBoundsException'> (0x00000000d641a2a8) thrown at [C:\jenkins\workspace\8-2-build-windows-amd64-cygwin\jdk8u251\737\hotspot\src\share\vm\runtime\sharedRuntime.cpp, line 605]
Event: 20.508 Thread 0x000000001722f800 Exception <a 'java/lang/OutOfMemoryError': unable to create new native thread> (0x00000000d6907a50) thrown at [C:\jenkins\workspace\8-2-build-windows-amd64-cygwin\jdk8u251\737\hotspot\src\share\vm\prims\jvm.cpp, line 3141]
Event: 20.515 Thread 0x000000001c4ab000 Exception <a 'java/lang/InterruptedException': sleep interrupted> (0x00000000d6c6ff28) thrown at [C:\jenkins\workspace\8-2-build-windows-amd64-cygwin\jdk8u251\737\hotspot\src\share\vm\prims\jvm.cpp, line 3336]

Events (10 events):
Event: 20.520 loading class org/springframework/jmx/export/NotificationListenerBean
Event: 20.520 loading class org/springframework/jmx/export/NotificationListenerBean done
Event: 20.520 loading class org/springframework/jmx/export/MBeanExporter
Event: 20.520 loading class org/springframework/jmx/export/MBeanExporter done
Event: 20.520 loading class javax/money/MonetaryAmount
Event: 20.520 loading class javax/money/MonetaryAmount done
Event: 20.521 loading class org/joda/time/ReadableInstant
Event: 20.521 loading class org/joda/time/ReadableInstant done
Event: 20.522 loading class org/jsoup/Jsoup
Event: 20.522 loading class org/jsoup/Jsoup done


Dynamic libraries:
0x00007ff66c990000 - 0x00007ff66c9c7000 	C:\Program Files\Java\jdk1.8.0_251\bin\java.exe
0x00007ffeff1a0000 - 0x00007ffeff372000 	C:\Windows\SYSTEM32\ntdll.dll
0x00007ffeff040000 - 0x00007ffeff0ec000 	C:\Windows\System32\KERNEL32.DLL
0x00007ffefc080000 - 0x00007ffefc29d000 	C:\Windows\System32\KERNELBASE.dll
0x00007ffeff0f0000 - 0x00007ffeff192000 	C:\Windows\System32\ADVAPI32.dll
0x00007ffefe7e0000 - 0x00007ffefe87e000 	C:\Windows\System32\msvcrt.dll
0x00007ffefe880000 - 0x00007ffefe8d9000 	C:\Windows\System32\sechost.dll
0x00007ffefc820000 - 0x00007ffefc941000 	C:\Windows\System32\RPCRT4.dll
0x00007ffefee80000 - 0x00007ffefefe5000 	C:\Windows\System32\USER32.dll
0x00007ffefb870000 - 0x00007ffefb88e000 	C:\Windows\System32\win32u.dll
0x00007ffefeff0000 - 0x00007ffeff024000 	C:\Windows\System32\GDI32.dll
0x00007ffefc4c0000 - 0x00007ffefc640000 	C:\Windows\System32\gdi32full.dll
0x00007ffeeea20000 - 0x00007ffeeec9a000 	C:\Windows\WinSxS\amd64_microsoft.windows.common-controls_6595b64144ccf1df_6.0.14393.953_none_42151e83c686086b\COMCTL32.dll
0x00007ffefc980000 - 0x00007ffefcc48000 	C:\Windows\System32\combase.dll
0x00007ffefc2a0000 - 0x00007ffefc395000 	C:\Windows\System32\ucrtbase.dll
0x00007ffefc3a0000 - 0x00007ffefc40a000 	C:\Windows\System32\bcryptPrimitives.dll
0x00007ffefc7f0000 - 0x00007ffefc81e000 	C:\Windows\System32\IMM32.DLL
0x0000000064530000 - 0x0000000064602000 	C:\Program Files\Java\jdk1.8.0_251\jre\bin\msvcr100.dll
0x0000000063c80000 - 0x000000006452b000 	C:\Program Files\Java\jdk1.8.0_251\jre\bin\server\jvm.dll
0x00007ffeff030000 - 0x00007ffeff038000 	C:\Windows\System32\PSAPI.DLL
0x00007ffef88b0000 - 0x00007ffef88b9000 	C:\Windows\SYSTEM32\WSOCK32.dll
0x00007ffefe770000 - 0x00007ffefe7da000 	C:\Windows\System32\WS2_32.dll
0x00007ffef9ba0000 - 0x00007ffef9bc3000 	C:\Windows\SYSTEM32\WINMM.dll
0x00007ffef3180000 - 0x00007ffef318a000 	C:\Windows\SYSTEM32\VERSION.dll
0x00007ffef9b40000 - 0x00007ffef9b6b000 	C:\Windows\SYSTEM32\WINMMBASE.dll
0x00007ffefc6e0000 - 0x00007ffefc722000 	C:\Windows\System32\cfgmgr32.dll
0x00007ffeef310000 - 0x00007ffeef31f000 	C:\Program Files\Java\jdk1.8.0_251\jre\bin\verify.dll
0x00007ffed5710000 - 0x00007ffed5739000 	C:\Program Files\Java\jdk1.8.0_251\jre\bin\java.dll
0x00007ffeecff0000 - 0x00007ffeed013000 	C:\Program Files\Java\jdk1.8.0_251\jre\bin\instrument.dll
0x00007ffed56f0000 - 0x00007ffed5706000 	C:\Program Files\Java\jdk1.8.0_251\jre\bin\zip.dll
0x00007ffefccf0000 - 0x00007ffefe1f9000 	C:\Windows\System32\SHELL32.dll
0x00007ffefb940000 - 0x00007ffefc019000 	C:\Windows\System32\windows.storage.dll
0x00007ffefb650000 - 0x00007ffefb69c000 	C:\Windows\System32\powrprof.dll
0x00007ffefc790000 - 0x00007ffefc7e2000 	C:\Windows\System32\shlwapi.dll
0x00007ffefb630000 - 0x00007ffefb63f000 	C:\Windows\System32\kernel.appcore.dll
0x00007ffefc410000 - 0x00007ffefc4b9000 	C:\Windows\System32\shcore.dll
0x00007ffefb610000 - 0x00007ffefb624000 	C:\Windows\System32\profapi.dll
0x00007ffeee8c0000 - 0x00007ffeee8da000 	C:\Program Files\JetBrains\IntelliJ IDEA 2020.1\bin\breakgen64.dll
0x00007ffed5080000 - 0x00007ffed509a000 	C:\Program Files\Java\jdk1.8.0_251\jre\bin\net.dll
0x00007ffefaee0000 - 0x00007ffefaf3c000 	C:\Windows\system32\mswsock.dll
0x00007ffefaca0000 - 0x00007ffefad41000 	C:\Windows\SYSTEM32\DNSAPI.dll
0x00007ffefe340000 - 0x00007ffefe348000 	C:\Windows\System32\NSI.dll
0x00007ffefac60000 - 0x00007ffefac98000 	C:\Windows\SYSTEM32\IPHLPAPI.DLL
0x00007ffee9880000 - 0x00007ffee988a000 	C:\Windows\System32\rasadhlp.dll
0x00007ffef0880000 - 0x00007ffef08ea000 	C:\Windows\System32\fwpuclnt.dll
0x00007ffefb550000 - 0x00007ffefb57b000 	C:\Windows\SYSTEM32\bcrypt.dll
0x00007ffeedab0000 - 0x00007ffeedabd000 	C:\Program Files\Java\jdk1.8.0_251\jre\bin\management.dll
0x00007ffed5060000 - 0x00007ffed5072000 	C:\Program Files\Java\jdk1.8.0_251\jre\bin\nio.dll
0x00007ffefb080000 - 0x00007ffefb097000 	C:\Windows\SYSTEM32\CRYPTSP.dll
0x00007ffefaae0000 - 0x00007ffefab13000 	C:\Windows\system32\rsaenh.dll
0x00007ffefad60000 - 0x00007ffefad7f000 	C:\Windows\SYSTEM32\USERENV.dll
0x00007ffefb0a0000 - 0x00007ffefb0ab000 	C:\Windows\SYSTEM32\CRYPTBASE.dll
0x00007ffef0740000 - 0x00007ffef0756000 	C:\Windows\SYSTEM32\dhcpcsvc6.DLL
0x00007ffef0720000 - 0x00007ffef073a000 	C:\Windows\SYSTEM32\dhcpcsvc.DLL
0x00007ffee20b0000 - 0x00007ffee20c6000 	C:\Windows\system32\napinsp.dll
0x00007ffee2090000 - 0x00007ffee20aa000 	C:\Windows\system32\pnrpnsp.dll
0x00007ffef8df0000 - 0x00007ffef8e08000 	C:\Windows\system32\NLAapi.dll
0x00007ffee4c50000 - 0x00007ffee4c5e000 	C:\Windows\System32\winrnr.dll
0x00007ffee17e0000 - 0x00007ffee17f5000 	C:\Windows\System32\wshbth.dll
0x00007ffed2960000 - 0x00007ffed2984000 	C:\Program Files\Java\jdk1.8.0_251\jre\bin\sunec.dll
0x00007ffeed020000 - 0x00007ffeed02c000 	C:\Program Files\Java\jdk1.8.0_251\jre\bin\sunmscapi.dll
0x00007ffefb6a0000 - 0x00007ffefb869000 	C:\Windows\System32\CRYPT32.dll
0x00007ffefb640000 - 0x00007ffefb650000 	C:\Windows\System32\MSASN1.dll
0x00007ffefb160000 - 0x00007ffefb186000 	C:\Windows\SYSTEM32\ncrypt.dll
0x00007ffefb120000 - 0x00007ffefb15b000 	C:\Windows\SYSTEM32\NTASN1.dll
0x00007ffef86d0000 - 0x00007ffef8862000 	C:\Windows\SYSTEM32\dbghelp.dll

VM Arguments:
jvm_args: -XX:TieredStopAtLevel=1 -Xverify:none -Dspring.output.ansi.enabled=always -Dcom.sun.management.jmxremote -Dspring.jmx.enabled=true -Dspring.liveBeansView.mbeanDomain -Dspring.application.admin.enabled=true -javaagent:C:\Program Files\JetBrains\IntelliJ IDEA 2020.1\lib\idea_rt.jar=61735:C:\Program Files\JetBrains\IntelliJ IDEA 2020.1\bin -Dfile.encoding=UTF-8 
java_command: codegym.project.sdupenzu.SdupenzuApplication
java_class_path (initial): C:\Program Files\Java\jdk1.8.0_251\jre\lib\charsets.jar;C:\Program Files\Java\jdk1.8.0_251\jre\lib\deploy.jar;C:\Program Files\Java\jdk1.8.0_251\jre\lib\ext\access-bridge-64.jar;C:\Program Files\Java\jdk1.8.0_251\jre\lib\ext\cldrdata.jar;C:\Program Files\Java\jdk1.8.0_251\jre\lib\ext\dnsns.jar;C:\Program Files\Java\jdk1.8.0_251\jre\lib\ext\jaccess.jar;C:\Program Files\Java\jdk1.8.0_251\jre\lib\ext\jfxrt.jar;C:\Program Files\Java\jdk1.8.0_251\jre\lib\ext\localedata.jar;C:\Program Files\Java\jdk1.8.0_251\jre\lib\ext\nashorn.jar;C:\Program Files\Java\jdk1.8.0_251\jre\lib\ext\sunec.jar;C:\Program Files\Java\jdk1.8.0_251\jre\lib\ext\sunjce_provider.jar;C:\Program Files\Java\jdk1.8.0_251\jre\lib\ext\sunmscapi.jar;C:\Program Files\Java\jdk1.8.0_251\jre\lib\ext\sunpkcs11.jar;C:\Program Files\Java\jdk1.8.0_251\jre\lib\ext\zipfs.jar;C:\Program Files\Java\jdk1.8.0_251\jre\lib\javaws.jar;C:\Program Files\Java\jdk1.8.0_251\jre\lib\jce.jar;C:\Program Files\Java\jdk1.8.0_251\jre\lib\jfr.jar;C:\Program Files\Java\jdk1.8.0_251\jre\lib\jfxswt.jar;C:\Program Files\Java\jdk1.8.0_251\jre\lib\jsse.jar;C:\Program Files\Java\jdk1.8.0_251\jre\lib\management-agent.jar;C:\Program Files\Java\jdk1.8.0_251\jre\lib\plugin.jar;C:\Program Files\Java\jdk1.8.0_251\jre\lib\resources.jar;C:\Program Files\Java\jdk1.8.0_251\jre\lib\rt.jar;C:\Users\Admin\IdeaProjects\Project-Sdu-Penzu\build\classes\java\main;C:\Users\Admin\IdeaProjects\Project-Sdu-Penzu\build\resources\main;C:\Users\Admin\.gradle\caches\modules-2\files-2.1\io.jsonwebtoken\jjwt\0.9.0\64e3ed8a5f0bc93ecea592a0b3280f995efbdfe9\jjwt-0.9.0.jar;C:\Users\Admin\.gradle\caches\modules-2\files-2.1\org.springframework.boot\spring-boot-starter-data-jdbc\2.3.1.RELEASE\45aa8fa64b9265ff22f41bf2e0b0ddb9b4f05641\spring-boot-starter-data-jdbc-2.3.1.RELEASE.jar;C:\Users\Admin\.gradle\caches\modules-2\files-2.1\org.springframework.boot\spring-boot-starter-data-jpa\2.3.1.RELEASE\5531a4cbd506f13a0b4483ed73c2e75a03d8da46\spring-boot-
Launcher Type: SUN_STANDARD

Environment Variables:
PATH=C:\Program Files (x86)\Common Files\Oracle\Java\javapath;C:\Windows\system32;C:\Windows;C:\Windows\System32\Wbem;C:\Windows\System32\WindowsPowerShell\v1.0\;C:\Program Files\Git\cmd;C:\Users\Admin\AppData\Roaming\nvm;C:\Program Files\nodejs;C:\Program Files\MySQL\MySQL Shell 8.0\bin\;C:\Users\Admin\AppData\Local\Microsoft\WindowsApps;C:\Program Files\heroku\bin;C:\Users\Admin\AppData\Roaming\npm;C:\Users\Admin\AppData\Roaming\nvm;C:\Program Files\nodejs
USERNAME=Admin
OS=Windows_NT
PROCESSOR_IDENTIFIER=Intel64 Family 6 Model 78 Stepping 3, GenuineIntel



---------------  S Y S T E M  ---------------

OS: Windows 10.0 , 64 bit Build 14393 (10.0.14393.2214)

CPU:total 2 (initial active 2) (2 cores per cpu, 2 threads per core) family 6 model 78 stepping 3, cmov, cx8, fxsr, mmx, sse, sse2, sse3, ssse3, sse4.1, sse4.2, popcnt, avx, avx2, aes, clmul, erms, 3dnowpref, lzcnt, ht, tsc, tscinvbit, bmi1, bmi2, adx

Memory: 4k page, physical 8285232k(523604k free), swap 16551464k(996k free)

vm_info: Java HotSpot(TM) 64-Bit Server VM (25.251-b08) for windows-amd64 JRE (1.8.0_251-b08), built on Mar 12 2020 06:31:49 by "" with MS VC++ 10.0 (VS2010)

time: Tue Jul 21 16:47:51 2020
timezone: SE Asia Standard Time
elapsed time: 20 seconds (0d 0h 0m 20s)

